[2022-05-28 06:55:36] production.ERROR: file_put_contents(C:\xampp\htdocs\mytravel\storage\framework/cache/data/d9/6a/d96ac6132c7af89aa1b66f1b90b5bc8251ce8d92): Failed to open stream: No such file or directory {"exception":"[object] (ErrorException(code: 0): file_put_contents(C:\\xampp\\htdocs\\mytravel\\storage\\framework/cache/data/d9/6a/d96ac6132c7af89aa1b66f1b90b5bc8251ce8d92): Failed to open stream: No such file or directory at C:\\xampp\\htdocs\\mytravel\\vendor\\laravel\\framework\\src\\Illuminate\\Filesystem\\Filesystem.php:187)
[stacktrace]
#0 [internal function]: Illuminate\\Foundation\\Bootstrap\\HandleExceptions->handleError(2, 'file_put_conten...', 'C:\\\\xampp\\\\htdocs...', 187)
#1 C:\\xampp\\htdocs\\mytravel\\vendor\\laravel\\framework\\src\\Illuminate\\Filesystem\\Filesystem.php(187): file_put_contents('C:\\\\xampp\\\\htdocs...', '9999999999s:3:\"...', 2)
#2 C:\\xampp\\htdocs\\mytravel\\vendor\\laravel\\framework\\src\\Illuminate\\Cache\\FileStore.php(77): Illuminate\\Filesystem\\Filesystem->put('C:\\\\xampp\\\\htdocs...', '9999999999s:3:\"...', true)
#3 C:\\xampp\\htdocs\\mytravel\\vendor\\laravel\\framework\\src\\Illuminate\\Cache\\FileStore.php(194): Illuminate\\Cache\\FileStore->put('setting_email_p...', '587', 0)
#4 C:\\xampp\\htdocs\\mytravel\\vendor\\laravel\\framework\\src\\Illuminate\\Cache\\Repository.php(357): Illuminate\\Cache\\FileStore->forever('setting_email_p...', '587')
#5 C:\\xampp\\htdocs\\mytravel\\vendor\\laravel\\framework\\src\\Illuminate\\Cache\\Repository.php(420): Illuminate\\Cache\\Repository->forever('setting_email_p...', '587')
#6 C:\\xampp\\htdocs\\mytravel\\vendor\\laravel\\framework\\src\\Illuminate\\Cache\\CacheManager.php(418): Illuminate\\Cache\\Repository->rememberForever('setting_email_p...', Object(Closure))
#7 C:\\xampp\\htdocs\\mytravel\\vendor\\laravel\\framework\\src\\Illuminate\\Support\\Facades\\Facade.php(261): Illuminate\\Cache\\CacheManager->__call('rememberForever', Array)
#8 C:\\xampp\\htdocs\\mytravel\\modules\\Core\\Models\\Settings.php(33): Illuminate\\Support\\Facades\\Facade::__callStatic('rememberForever', Array)
#9 C:\\xampp\\htdocs\\mytravel\\app\\Helpers\\AppHelper.php(18): Modules\\Core\\Models\\Settings::item('email_port', '')
#10 C:\\xampp\\htdocs\\mytravel\\app\\Providers\\AppServiceProvider.php(116): setting_item('email_port')
#11 C:\\xampp\\htdocs\\mytravel\\app\\Providers\\AppServiceProvider.php(57): App\\Providers\\AppServiceProvider->initConfigFromDB()
#12 C:\\xampp\\htdocs\\mytravel\\vendor\\laravel\\framework\\src\\Illuminate\\Container\\BoundMethod.php(36): App\\Providers\\AppServiceProvider->boot(Object(Illuminate\\Http\\Request))
#13 C:\\xampp\\htdocs\\mytravel\\vendor\\laravel\\framework\\src\\Illuminate\\Container\\Util.php(40): Illuminate\\Container\\BoundMethod::Illuminate\\Container\\{closure}()
#14 C:\\xampp\\htdocs\\mytravel\\vendor\\laravel\\framework\\src\\Illuminate\\Container\\BoundMethod.php(93): Illuminate\\Container\\Util::unwrapIfClosure(Object(Closure))
#15 C:\\xampp\\htdocs\\mytravel\\vendor\\laravel\\framework\\src\\Illuminate\\Container\\BoundMethod.php(37): Illuminate\\Container\\BoundMethod::callBoundMethod(Object(Illuminate\\Foundation\\Application), Array, Object(Closure))
#16 C:\\xampp\\htdocs\\mytravel\\vendor\\laravel\\framework\\src\\Illuminate\\Container\\Container.php(614): Illuminate\\Container\\BoundMethod::call(Object(Illuminate\\Foundation\\Application), Array, Array, NULL)
#17 C:\\xampp\\htdocs\\mytravel\\vendor\\laravel\\framework\\src\\Illuminate\\Foundation\\Application.php(914): Illuminate\\Container\\Container->call(Array)
#18 C:\\xampp\\htdocs\\mytravel\\vendor\\laravel\\framework\\src\\Illuminate\\Foundation\\Application.php(895): Illuminate\\Foundation\\Application->bootProvider(Object(App\\Providers\\AppServiceProvider))
#19 [internal function]: Illuminate\\Foundation\\Application->Illuminate\\Foundation\\{closure}(Object(App\\Providers\\AppServiceProvider), 36)
#20 C:\\xampp\\htdocs\\mytravel\\vendor\\laravel\\framework\\src\\Illuminate\\Foundation\\Application.php(896): array_walk(Array, Object(Closure))
#21 C:\\xampp\\htdocs\\mytravel\\vendor\\laravel\\framework\\src\\Illuminate\\Foundation\\Bootstrap\\BootProviders.php(17): Illuminate\\Foundation\\Application->boot()
#22 C:\\xampp\\htdocs\\mytravel\\vendor\\laravel\\framework\\src\\Illuminate\\Foundation\\Application.php(237): Illuminate\\Foundation\\Bootstrap\\BootProviders->bootstrap(Object(Illuminate\\Foundation\\Application))
#23 C:\\xampp\\htdocs\\mytravel\\vendor\\laravel\\framework\\src\\Illuminate\\Foundation\\Console\\Kernel.php(310): Illuminate\\Foundation\\Application->bootstrapWith(Array)
#24 C:\\xampp\\htdocs\\mytravel\\vendor\\laravel\\framework\\src\\Illuminate\\Foundation\\Console\\Kernel.php(127): Illuminate\\Foundation\\Console\\Kernel->bootstrap()
#25 Command line code(1): Illuminate\\Foundation\\Console\\Kernel->handle(Object(Symfony\\Component\\Console\\Input\\ArgvInput), Object(Symfony\\Component\\Console\\Output\\ConsoleOutput))
#26 {main}
"} 
[2022-05-28 06:56:36] production.ERROR: file_put_contents(C:\xampp\htdocs\mytravel\storage\framework/cache/data/69/84/6984bfb8713d100f954288c9d099b4d5fbdd65e7): Failed to open stream: No such file or directory {"exception":"[object] (ErrorException(code: 0): file_put_contents(C:\\xampp\\htdocs\\mytravel\\storage\\framework/cache/data/69/84/6984bfb8713d100f954288c9d099b4d5fbdd65e7): Failed to open stream: No such file or directory at C:\\xampp\\htdocs\\mytravel\\vendor\\laravel\\framework\\src\\Illuminate\\Filesystem\\Filesystem.php:187)
[stacktrace]
#0 [internal function]: Illuminate\\Foundation\\Bootstrap\\HandleExceptions->handleError(2, 'file_put_conten...', 'C:\\\\xampp\\\\htdocs...', 187)
#1 C:\\xampp\\htdocs\\mytravel\\vendor\\laravel\\framework\\src\\Illuminate\\Filesystem\\Filesystem.php(187): file_put_contents('C:\\\\xampp\\\\htdocs...', '9999999999s:3:\"...', 2)
#2 C:\\xampp\\htdocs\\mytravel\\vendor\\laravel\\framework\\src\\Illuminate\\Cache\\FileStore.php(77): Illuminate\\Filesystem\\Filesystem->put('C:\\\\xampp\\\\htdocs...', '9999999999s:3:\"...', true)
#3 C:\\xampp\\htdocs\\mytravel\\vendor\\laravel\\framework\\src\\Illuminate\\Cache\\FileStore.php(194): Illuminate\\Cache\\FileStore->put('setting_site_ti...', 'UTC', 0)
#4 C:\\xampp\\htdocs\\mytravel\\vendor\\laravel\\framework\\src\\Illuminate\\Cache\\Repository.php(357): Illuminate\\Cache\\FileStore->forever('setting_site_ti...', 'UTC')
#5 C:\\xampp\\htdocs\\mytravel\\vendor\\laravel\\framework\\src\\Illuminate\\Cache\\Repository.php(420): Illuminate\\Cache\\Repository->forever('setting_site_ti...', 'UTC')
#6 C:\\xampp\\htdocs\\mytravel\\vendor\\laravel\\framework\\src\\Illuminate\\Cache\\CacheManager.php(418): Illuminate\\Cache\\Repository->rememberForever('setting_site_ti...', Object(Closure))
#7 C:\\xampp\\htdocs\\mytravel\\vendor\\laravel\\framework\\src\\Illuminate\\Support\\Facades\\Facade.php(261): Illuminate\\Cache\\CacheManager->__call('rememberForever', Array)
#8 C:\\xampp\\htdocs\\mytravel\\modules\\Core\\Models\\Settings.php(33): Illuminate\\Support\\Facades\\Facade::__callStatic('rememberForever', Array)
#9 C:\\xampp\\htdocs\\mytravel\\app\\Helpers\\AppHelper.php(18): Modules\\Core\\Models\\Settings::item('site_timezone', '')
#10 C:\\xampp\\htdocs\\mytravel\\app\\Providers\\AppServiceProvider.php(70): setting_item('site_timezone')
#11 C:\\xampp\\htdocs\\mytravel\\app\\Providers\\AppServiceProvider.php(57): App\\Providers\\AppServiceProvider->initConfigFromDB()
#12 C:\\xampp\\htdocs\\mytravel\\vendor\\laravel\\framework\\src\\Illuminate\\Container\\BoundMethod.php(36): App\\Providers\\AppServiceProvider->boot(Object(Illuminate\\Http\\Request))
#13 C:\\xampp\\htdocs\\mytravel\\vendor\\laravel\\framework\\src\\Illuminate\\Container\\Util.php(40): Illuminate\\Container\\BoundMethod::Illuminate\\Container\\{closure}()
#14 C:\\xampp\\htdocs\\mytravel\\vendor\\laravel\\framework\\src\\Illuminate\\Container\\BoundMethod.php(93): Illuminate\\Container\\Util::unwrapIfClosure(Object(Closure))
#15 C:\\xampp\\htdocs\\mytravel\\vendor\\laravel\\framework\\src\\Illuminate\\Container\\BoundMethod.php(37): Illuminate\\Container\\BoundMethod::callBoundMethod(Object(Illuminate\\Foundation\\Application), Array, Object(Closure))
#16 C:\\xampp\\htdocs\\mytravel\\vendor\\laravel\\framework\\src\\Illuminate\\Container\\Container.php(614): Illuminate\\Container\\BoundMethod::call(Object(Illuminate\\Foundation\\Application), Array, Array, NULL)
#17 C:\\xampp\\htdocs\\mytravel\\vendor\\laravel\\framework\\src\\Illuminate\\Foundation\\Application.php(914): Illuminate\\Container\\Container->call(Array)
#18 C:\\xampp\\htdocs\\mytravel\\vendor\\laravel\\framework\\src\\Illuminate\\Foundation\\Application.php(895): Illuminate\\Foundation\\Application->bootProvider(Object(App\\Providers\\AppServiceProvider))
#19 [internal function]: Illuminate\\Foundation\\Application->Illuminate\\Foundation\\{closure}(Object(App\\Providers\\AppServiceProvider), 36)
#20 C:\\xampp\\htdocs\\mytravel\\vendor\\laravel\\framework\\src\\Illuminate\\Foundation\\Application.php(896): array_walk(Array, Object(Closure))
#21 C:\\xampp\\htdocs\\mytravel\\vendor\\laravel\\framework\\src\\Illuminate\\Foundation\\Bootstrap\\BootProviders.php(17): Illuminate\\Foundation\\Application->boot()
#22 C:\\xampp\\htdocs\\mytravel\\vendor\\laravel\\framework\\src\\Illuminate\\Foundation\\Application.php(237): Illuminate\\Foundation\\Bootstrap\\BootProviders->bootstrap(Object(Illuminate\\Foundation\\Application))
#23 C:\\xampp\\htdocs\\mytravel\\vendor\\laravel\\framework\\src\\Illuminate\\Foundation\\Console\\Kernel.php(310): Illuminate\\Foundation\\Application->bootstrapWith(Array)
#24 C:\\xampp\\htdocs\\mytravel\\vendor\\laravel\\framework\\src\\Illuminate\\Foundation\\Console\\Kernel.php(127): Illuminate\\Foundation\\Console\\Kernel->bootstrap()
#25 Command line code(1): Illuminate\\Foundation\\Console\\Kernel->handle(Object(Symfony\\Component\\Console\\Input\\ArgvInput), Object(Symfony\\Component\\Console\\Output\\ConsoleOutput))
#26 {main}
"} 
[2022-05-28 07:10:36] production.ERROR: file_put_contents(C:\xampp\htdocs\mytravel\storage\framework/cache/data/dd/17/dd177636ebcdcc6c4fa6f35116b373260f57300c): Failed to open stream: No such file or directory {"exception":"[object] (ErrorException(code: 0): file_put_contents(C:\\xampp\\htdocs\\mytravel\\storage\\framework/cache/data/dd/17/dd177636ebcdcc6c4fa6f35116b373260f57300c): Failed to open stream: No such file or directory at C:\\xampp\\htdocs\\mytravel\\vendor\\laravel\\framework\\src\\Illuminate\\Filesystem\\Filesystem.php:187)
[stacktrace]
#0 [internal function]: Illuminate\\Foundation\\Bootstrap\\HandleExceptions->handleError(2, 'file_put_conten...', 'C:\\\\xampp\\\\htdocs...', 187)
#1 C:\\xampp\\htdocs\\mytravel\\vendor\\laravel\\framework\\src\\Illuminate\\Filesystem\\Filesystem.php(187): file_put_contents('C:\\\\xampp\\\\htdocs...', '9999999999s:3:\"...', 2)
#2 C:\\xampp\\htdocs\\mytravel\\vendor\\laravel\\framework\\src\\Illuminate\\Cache\\FileStore.php(77): Illuminate\\Filesystem\\Filesystem->put('C:\\\\xampp\\\\htdocs...', '9999999999s:3:\"...', true)
#3 C:\\xampp\\htdocs\\mytravel\\vendor\\laravel\\framework\\src\\Illuminate\\Cache\\FileStore.php(194): Illuminate\\Cache\\FileStore->put('setting_email_d...', 'log', 0)
#4 C:\\xampp\\htdocs\\mytravel\\vendor\\laravel\\framework\\src\\Illuminate\\Cache\\Repository.php(357): Illuminate\\Cache\\FileStore->forever('setting_email_d...', 'log')
#5 C:\\xampp\\htdocs\\mytravel\\vendor\\laravel\\framework\\src\\Illuminate\\Cache\\Repository.php(420): Illuminate\\Cache\\Repository->forever('setting_email_d...', 'log')
#6 C:\\xampp\\htdocs\\mytravel\\vendor\\laravel\\framework\\src\\Illuminate\\Cache\\CacheManager.php(418): Illuminate\\Cache\\Repository->rememberForever('setting_email_d...', Object(Closure))
#7 C:\\xampp\\htdocs\\mytravel\\vendor\\laravel\\framework\\src\\Illuminate\\Support\\Facades\\Facade.php(261): Illuminate\\Cache\\CacheManager->__call('rememberForever', Array)
#8 C:\\xampp\\htdocs\\mytravel\\modules\\Core\\Models\\Settings.php(33): Illuminate\\Support\\Facades\\Facade::__callStatic('rememberForever', Array)
#9 C:\\xampp\\htdocs\\mytravel\\app\\Helpers\\AppHelper.php(18): Modules\\Core\\Models\\Settings::item('email_driver', '')
#10 C:\\xampp\\htdocs\\mytravel\\app\\Providers\\AppServiceProvider.php(76): setting_item('email_driver')
#11 C:\\xampp\\htdocs\\mytravel\\app\\Providers\\AppServiceProvider.php(57): App\\Providers\\AppServiceProvider->initConfigFromDB()
#12 C:\\xampp\\htdocs\\mytravel\\vendor\\laravel\\framework\\src\\Illuminate\\Container\\BoundMethod.php(36): App\\Providers\\AppServiceProvider->boot(Object(Illuminate\\Http\\Request))
#13 C:\\xampp\\htdocs\\mytravel\\vendor\\laravel\\framework\\src\\Illuminate\\Container\\Util.php(40): Illuminate\\Container\\BoundMethod::Illuminate\\Container\\{closure}()
#14 C:\\xampp\\htdocs\\mytravel\\vendor\\laravel\\framework\\src\\Illuminate\\Container\\BoundMethod.php(93): Illuminate\\Container\\Util::unwrapIfClosure(Object(Closure))
#15 C:\\xampp\\htdocs\\mytravel\\vendor\\laravel\\framework\\src\\Illuminate\\Container\\BoundMethod.php(37): Illuminate\\Container\\BoundMethod::callBoundMethod(Object(Illuminate\\Foundation\\Application), Array, Object(Closure))
#16 C:\\xampp\\htdocs\\mytravel\\vendor\\laravel\\framework\\src\\Illuminate\\Container\\Container.php(614): Illuminate\\Container\\BoundMethod::call(Object(Illuminate\\Foundation\\Application), Array, Array, NULL)
#17 C:\\xampp\\htdocs\\mytravel\\vendor\\laravel\\framework\\src\\Illuminate\\Foundation\\Application.php(914): Illuminate\\Container\\Container->call(Array)
#18 C:\\xampp\\htdocs\\mytravel\\vendor\\laravel\\framework\\src\\Illuminate\\Foundation\\Application.php(895): Illuminate\\Foundation\\Application->bootProvider(Object(App\\Providers\\AppServiceProvider))
#19 [internal function]: Illuminate\\Foundation\\Application->Illuminate\\Foundation\\{closure}(Object(App\\Providers\\AppServiceProvider), 36)
#20 C:\\xampp\\htdocs\\mytravel\\vendor\\laravel\\framework\\src\\Illuminate\\Foundation\\Application.php(896): array_walk(Array, Object(Closure))
#21 C:\\xampp\\htdocs\\mytravel\\vendor\\laravel\\framework\\src\\Illuminate\\Foundation\\Bootstrap\\BootProviders.php(17): Illuminate\\Foundation\\Application->boot()
#22 C:\\xampp\\htdocs\\mytravel\\vendor\\laravel\\framework\\src\\Illuminate\\Foundation\\Application.php(237): Illuminate\\Foundation\\Bootstrap\\BootProviders->bootstrap(Object(Illuminate\\Foundation\\Application))
#23 C:\\xampp\\htdocs\\mytravel\\vendor\\laravel\\framework\\src\\Illuminate\\Foundation\\Console\\Kernel.php(310): Illuminate\\Foundation\\Application->bootstrapWith(Array)
#24 C:\\xampp\\htdocs\\mytravel\\vendor\\laravel\\framework\\src\\Illuminate\\Foundation\\Console\\Kernel.php(127): Illuminate\\Foundation\\Console\\Kernel->bootstrap()
#25 Command line code(1): Illuminate\\Foundation\\Console\\Kernel->handle(Object(Symfony\\Component\\Console\\Input\\ArgvInput), Object(Symfony\\Component\\Console\\Output\\ConsoleOutput))
#26 {main}
"} 
[2022-05-28 07:13:36] production.ERROR: file_put_contents(C:\xampp\htdocs\mytravel\storage\framework/cache/data/52/02/52022134d8e8279b873aff40ebe67cf99ba06aba): Failed to open stream: No such file or directory {"exception":"[object] (ErrorException(code: 0): file_put_contents(C:\\xampp\\htdocs\\mytravel\\storage\\framework/cache/data/52/02/52022134d8e8279b873aff40ebe67cf99ba06aba): Failed to open stream: No such file or directory at C:\\xampp\\htdocs\\mytravel\\vendor\\laravel\\framework\\src\\Illuminate\\Filesystem\\Filesystem.php:187)
[stacktrace]
#0 [internal function]: Illuminate\\Foundation\\Bootstrap\\HandleExceptions->handleError(2, 'file_put_conten...', 'C:\\\\xampp\\\\htdocs...', 187)
#1 C:\\xampp\\htdocs\\mytravel\\vendor\\laravel\\framework\\src\\Illuminate\\Filesystem\\Filesystem.php(187): file_put_contents('C:\\\\xampp\\\\htdocs...', '9999999999s:1:\"...', 2)
#2 C:\\xampp\\htdocs\\mytravel\\vendor\\laravel\\framework\\src\\Illuminate\\Cache\\FileStore.php(77): Illuminate\\Filesystem\\Filesystem->put('C:\\\\xampp\\\\htdocs...', '9999999999s:1:\"...', true)
#3 C:\\xampp\\htdocs\\mytravel\\vendor\\laravel\\framework\\src\\Illuminate\\Cache\\FileStore.php(194): Illuminate\\Cache\\FileStore->put('setting_site_en...', '0', 0)
#4 C:\\xampp\\htdocs\\mytravel\\vendor\\laravel\\framework\\src\\Illuminate\\Cache\\Repository.php(357): Illuminate\\Cache\\FileStore->forever('setting_site_en...', '0')
#5 C:\\xampp\\htdocs\\mytravel\\vendor\\laravel\\framework\\src\\Illuminate\\Cache\\Repository.php(420): Illuminate\\Cache\\Repository->forever('setting_site_en...', '0')
#6 C:\\xampp\\htdocs\\mytravel\\vendor\\laravel\\framework\\src\\Illuminate\\Cache\\CacheManager.php(418): Illuminate\\Cache\\Repository->rememberForever('setting_site_en...', Object(Closure))
#7 C:\\xampp\\htdocs\\mytravel\\vendor\\laravel\\framework\\src\\Illuminate\\Support\\Facades\\Facade.php(261): Illuminate\\Cache\\CacheManager->__call('rememberForever', Array)
#8 C:\\xampp\\htdocs\\mytravel\\modules\\Core\\Models\\Settings.php(33): Illuminate\\Support\\Facades\\Facade::__callStatic('rememberForever', Array)
#9 C:\\xampp\\htdocs\\mytravel\\app\\Helpers\\AppHelper.php(18): Modules\\Core\\Models\\Settings::item('site_enable_mul...', '')
#10 C:\\xampp\\htdocs\\mytravel\\app\\Helpers\\AppHelper.php(952): setting_item('site_enable_mul...')
#11 C:\\xampp\\htdocs\\mytravel\\app\\Helpers\\AppHelper.php(956): is_enable_multi_lang()
#12 C:\\xampp\\htdocs\\mytravel\\modules\\Boat\\Routes\\language.php(2): is_enable_language_route()
#13 C:\\xampp\\htdocs\\mytravel\\vendor\\laravel\\framework\\src\\Illuminate\\Routing\\RouteFileRegistrar.php(35): require('C:\\\\xampp\\\\htdocs...')
#14 C:\\xampp\\htdocs\\mytravel\\vendor\\laravel\\framework\\src\\Illuminate\\Routing\\Router.php(425): Illuminate\\Routing\\RouteFileRegistrar->register('C:\\\\xampp\\\\htdocs...')
#15 C:\\xampp\\htdocs\\mytravel\\vendor\\laravel\\framework\\src\\Illuminate\\Routing\\Router.php(382): Illuminate\\Routing\\Router->loadRoutes('C:\\\\xampp\\\\htdocs...')
#16 C:\\xampp\\htdocs\\mytravel\\vendor\\laravel\\framework\\src\\Illuminate\\Routing\\RouteRegistrar.php(135): Illuminate\\Routing\\Router->group(Array, 'C:\\\\xampp\\\\htdocs...')
#17 C:\\xampp\\htdocs\\mytravel\\modules\\Boat\\RouterServiceProvider.php(71): Illuminate\\Routing\\RouteRegistrar->group('C:\\\\xampp\\\\htdocs...')
#18 C:\\xampp\\htdocs\\mytravel\\modules\\Boat\\RouterServiceProvider.php(43): Modules\\Boat\\RouterServiceProvider->mapLanguageRoutes()
#19 C:\\xampp\\htdocs\\mytravel\\vendor\\laravel\\framework\\src\\Illuminate\\Container\\BoundMethod.php(36): Modules\\Boat\\RouterServiceProvider->map()
#20 C:\\xampp\\htdocs\\mytravel\\vendor\\laravel\\framework\\src\\Illuminate\\Container\\Util.php(40): Illuminate\\Container\\BoundMethod::Illuminate\\Container\\{closure}()
#21 C:\\xampp\\htdocs\\mytravel\\vendor\\laravel\\framework\\src\\Illuminate\\Container\\BoundMethod.php(93): Illuminate\\Container\\Util::unwrapIfClosure(Object(Closure))
#22 C:\\xampp\\htdocs\\mytravel\\vendor\\laravel\\framework\\src\\Illuminate\\Container\\BoundMethod.php(37): Illuminate\\Container\\BoundMethod::callBoundMethod(Object(Illuminate\\Foundation\\Application), Array, Object(Closure))
#23 C:\\xampp\\htdocs\\mytravel\\vendor\\laravel\\framework\\src\\Illuminate\\Container\\Container.php(614): Illuminate\\Container\\BoundMethod::call(Object(Illuminate\\Foundation\\Application), Array, Array, NULL)
#24 C:\\xampp\\htdocs\\mytravel\\vendor\\laravel\\framework\\src\\Illuminate\\Foundation\\Support\\Providers\\RouteServiceProvider.php(122): Illuminate\\Container\\Container->call(Array)
#25 C:\\xampp\\htdocs\\mytravel\\vendor\\laravel\\framework\\src\\Illuminate\\Foundation\\Support\\Providers\\RouteServiceProvider.php(45): Illuminate\\Foundation\\Support\\Providers\\RouteServiceProvider->loadRoutes()
#26 C:\\xampp\\htdocs\\mytravel\\vendor\\laravel\\framework\\src\\Illuminate\\Container\\BoundMethod.php(36): Illuminate\\Foundation\\Support\\Providers\\RouteServiceProvider->Illuminate\\Foundation\\Support\\Providers\\{closure}()
#27 C:\\xampp\\htdocs\\mytravel\\vendor\\laravel\\framework\\src\\Illuminate\\Container\\Util.php(40): Illuminate\\Container\\BoundMethod::Illuminate\\Container\\{closure}()
#28 C:\\xampp\\htdocs\\mytravel\\vendor\\laravel\\framework\\src\\Illuminate\\Container\\BoundMethod.php(81): Illuminate\\Container\\Util::unwrapIfClosure(Object(Closure))
#29 C:\\xampp\\htdocs\\mytravel\\vendor\\laravel\\framework\\src\\Illuminate\\Container\\BoundMethod.php(37): Illuminate\\Container\\BoundMethod::callBoundMethod(Object(Illuminate\\Foundation\\Application), Object(Closure), Object(Closure))
#30 C:\\xampp\\htdocs\\mytravel\\vendor\\laravel\\framework\\src\\Illuminate\\Container\\Container.php(614): Illuminate\\Container\\BoundMethod::call(Object(Illuminate\\Foundation\\Application), Object(Closure), Array, NULL)
#31 C:\\xampp\\htdocs\\mytravel\\vendor\\laravel\\framework\\src\\Illuminate\\Support\\ServiceProvider.php(113): Illuminate\\Container\\Container->call(Object(Closure))
#32 C:\\xampp\\htdocs\\mytravel\\vendor\\laravel\\framework\\src\\Illuminate\\Foundation\\Application.php(917): Illuminate\\Support\\ServiceProvider->callBootedCallbacks()
#33 C:\\xampp\\htdocs\\mytravel\\vendor\\laravel\\framework\\src\\Illuminate\\Foundation\\Application.php(895): Illuminate\\Foundation\\Application->bootProvider(Object(Modules\\Boat\\RouterServiceProvider))
#34 [internal function]: Illuminate\\Foundation\\Application->Illuminate\\Foundation\\{closure}(Object(Modules\\Boat\\RouterServiceProvider), 43)
#35 C:\\xampp\\htdocs\\mytravel\\vendor\\laravel\\framework\\src\\Illuminate\\Foundation\\Application.php(896): array_walk(Array, Object(Closure))
#36 C:\\xampp\\htdocs\\mytravel\\vendor\\laravel\\framework\\src\\Illuminate\\Foundation\\Bootstrap\\BootProviders.php(17): Illuminate\\Foundation\\Application->boot()
#37 C:\\xampp\\htdocs\\mytravel\\vendor\\laravel\\framework\\src\\Illuminate\\Foundation\\Application.php(237): Illuminate\\Foundation\\Bootstrap\\BootProviders->bootstrap(Object(Illuminate\\Foundation\\Application))
#38 C:\\xampp\\htdocs\\mytravel\\vendor\\laravel\\framework\\src\\Illuminate\\Foundation\\Console\\Kernel.php(310): Illuminate\\Foundation\\Application->bootstrapWith(Array)
#39 C:\\xampp\\htdocs\\mytravel\\vendor\\laravel\\framework\\src\\Illuminate\\Foundation\\Console\\Kernel.php(127): Illuminate\\Foundation\\Console\\Kernel->bootstrap()
#40 Command line code(1): Illuminate\\Foundation\\Console\\Kernel->handle(Object(Symfony\\Component\\Console\\Input\\ArgvInput), Object(Symfony\\Component\\Console\\Output\\ConsoleOutput))
#41 {main}
"} 
[2022-05-28 07:14:36] production.ERROR: file_put_contents(C:\xampp\htdocs\mytravel\storage\framework/cache/data/69/84/6984bfb8713d100f954288c9d099b4d5fbdd65e7): Failed to open stream: No such file or directory {"exception":"[object] (ErrorException(code: 0): file_put_contents(C:\\xampp\\htdocs\\mytravel\\storage\\framework/cache/data/69/84/6984bfb8713d100f954288c9d099b4d5fbdd65e7): Failed to open stream: No such file or directory at C:\\xampp\\htdocs\\mytravel\\vendor\\laravel\\framework\\src\\Illuminate\\Filesystem\\Filesystem.php:187)
[stacktrace]
#0 [internal function]: Illuminate\\Foundation\\Bootstrap\\HandleExceptions->handleError(2, 'file_put_conten...', 'C:\\\\xampp\\\\htdocs...', 187)
#1 C:\\xampp\\htdocs\\mytravel\\vendor\\laravel\\framework\\src\\Illuminate\\Filesystem\\Filesystem.php(187): file_put_contents('C:\\\\xampp\\\\htdocs...', '9999999999s:3:\"...', 2)
#2 C:\\xampp\\htdocs\\mytravel\\vendor\\laravel\\framework\\src\\Illuminate\\Cache\\FileStore.php(77): Illuminate\\Filesystem\\Filesystem->put('C:\\\\xampp\\\\htdocs...', '9999999999s:3:\"...', true)
#3 C:\\xampp\\htdocs\\mytravel\\vendor\\laravel\\framework\\src\\Illuminate\\Cache\\FileStore.php(194): Illuminate\\Cache\\FileStore->put('setting_site_ti...', 'UTC', 0)
#4 C:\\xampp\\htdocs\\mytravel\\vendor\\laravel\\framework\\src\\Illuminate\\Cache\\Repository.php(357): Illuminate\\Cache\\FileStore->forever('setting_site_ti...', 'UTC')
#5 C:\\xampp\\htdocs\\mytravel\\vendor\\laravel\\framework\\src\\Illuminate\\Cache\\Repository.php(420): Illuminate\\Cache\\Repository->forever('setting_site_ti...', 'UTC')
#6 C:\\xampp\\htdocs\\mytravel\\vendor\\laravel\\framework\\src\\Illuminate\\Cache\\CacheManager.php(418): Illuminate\\Cache\\Repository->rememberForever('setting_site_ti...', Object(Closure))
#7 C:\\xampp\\htdocs\\mytravel\\vendor\\laravel\\framework\\src\\Illuminate\\Support\\Facades\\Facade.php(261): Illuminate\\Cache\\CacheManager->__call('rememberForever', Array)
#8 C:\\xampp\\htdocs\\mytravel\\modules\\Core\\Models\\Settings.php(33): Illuminate\\Support\\Facades\\Facade::__callStatic('rememberForever', Array)
#9 C:\\xampp\\htdocs\\mytravel\\app\\Helpers\\AppHelper.php(18): Modules\\Core\\Models\\Settings::item('site_timezone', '')
#10 C:\\xampp\\htdocs\\mytravel\\app\\Providers\\AppServiceProvider.php(70): setting_item('site_timezone')
#11 C:\\xampp\\htdocs\\mytravel\\app\\Providers\\AppServiceProvider.php(57): App\\Providers\\AppServiceProvider->initConfigFromDB()
#12 C:\\xampp\\htdocs\\mytravel\\vendor\\laravel\\framework\\src\\Illuminate\\Container\\BoundMethod.php(36): App\\Providers\\AppServiceProvider->boot(Object(Illuminate\\Http\\Request))
#13 C:\\xampp\\htdocs\\mytravel\\vendor\\laravel\\framework\\src\\Illuminate\\Container\\Util.php(40): Illuminate\\Container\\BoundMethod::Illuminate\\Container\\{closure}()
#14 C:\\xampp\\htdocs\\mytravel\\vendor\\laravel\\framework\\src\\Illuminate\\Container\\BoundMethod.php(93): Illuminate\\Container\\Util::unwrapIfClosure(Object(Closure))
#15 C:\\xampp\\htdocs\\mytravel\\vendor\\laravel\\framework\\src\\Illuminate\\Container\\BoundMethod.php(37): Illuminate\\Container\\BoundMethod::callBoundMethod(Object(Illuminate\\Foundation\\Application), Array, Object(Closure))
#16 C:\\xampp\\htdocs\\mytravel\\vendor\\laravel\\framework\\src\\Illuminate\\Container\\Container.php(614): Illuminate\\Container\\BoundMethod::call(Object(Illuminate\\Foundation\\Application), Array, Array, NULL)
#17 C:\\xampp\\htdocs\\mytravel\\vendor\\laravel\\framework\\src\\Illuminate\\Foundation\\Application.php(914): Illuminate\\Container\\Container->call(Array)
#18 C:\\xampp\\htdocs\\mytravel\\vendor\\laravel\\framework\\src\\Illuminate\\Foundation\\Application.php(895): Illuminate\\Foundation\\Application->bootProvider(Object(App\\Providers\\AppServiceProvider))
#19 [internal function]: Illuminate\\Foundation\\Application->Illuminate\\Foundation\\{closure}(Object(App\\Providers\\AppServiceProvider), 36)
#20 C:\\xampp\\htdocs\\mytravel\\vendor\\laravel\\framework\\src\\Illuminate\\Foundation\\Application.php(896): array_walk(Array, Object(Closure))
#21 C:\\xampp\\htdocs\\mytravel\\vendor\\laravel\\framework\\src\\Illuminate\\Foundation\\Bootstrap\\BootProviders.php(17): Illuminate\\Foundation\\Application->boot()
#22 C:\\xampp\\htdocs\\mytravel\\vendor\\laravel\\framework\\src\\Illuminate\\Foundation\\Application.php(237): Illuminate\\Foundation\\Bootstrap\\BootProviders->bootstrap(Object(Illuminate\\Foundation\\Application))
#23 C:\\xampp\\htdocs\\mytravel\\vendor\\laravel\\framework\\src\\Illuminate\\Foundation\\Console\\Kernel.php(310): Illuminate\\Foundation\\Application->bootstrapWith(Array)
#24 C:\\xampp\\htdocs\\mytravel\\vendor\\laravel\\framework\\src\\Illuminate\\Foundation\\Console\\Kernel.php(127): Illuminate\\Foundation\\Console\\Kernel->bootstrap()
#25 Command line code(1): Illuminate\\Foundation\\Console\\Kernel->handle(Object(Symfony\\Component\\Console\\Input\\ArgvInput), Object(Symfony\\Component\\Console\\Output\\ConsoleOutput))
#26 {main}
"} 
